Native host started
Raw length bytes: b'\x11\x00\x00\x00'
Message length: 17
Read 17 bytes, total read: 17 bytes
Raw message bytes: b'{"action":"test"}'
Message received: {"action":"test"}
JSON message: {'action': 'test'}
Native host is online
Response: {'action': 'test'}
Raw length bytes: b''
Did not read 4 bytes for message length, exiting
Native host started
Raw length bytes: b'\x11\x00\x00\x00'
Message length: 17
Read 17 bytes, total read: 17 bytes
Raw message bytes: b'{"action":"test"}'
Message received: {"action":"test"}
JSON message: {'action': 'test'}
Native host is online
Response: {'action': 'test'}
Raw length bytes: b''
Did not read 4 bytes for message length, exiting
