2024-11-09 05:22:48 - Sound activation script started
2024-11-09 05:22:48 - Received message from main: {'action': 'start', 'input': {}, 'sender': '/Users/killercookie/Jarvis-on-Github/MAIN-communication/MAIN_COMMUNICATION.py', 'receiver': '/Users/killercookie/Jarvis-on-Github/Protocols/Audio-protocols/sound_activation.py'}
2024-11-09 05:22:48 - Handling message from main: {'action': 'start', 'input': {}, 'sender': '/Users/killercookie/Jarvis-on-Github/MAIN-communication/MAIN_COMMUNICATION.py', 'receiver': '/Users/killercookie/Jarvis-on-Github/Protocols/Audio-protocols/sound_activation.py'}
2024-11-09 05:22:48 - Message for sound_activation main process start
2024-11-09 05:22:51 - Audio stream opened, starting to listen for sounds...
2024-11-09 05:22:51 - RMS value: 0.0
2024-11-09 05:22:51 - RMS value: 0.02209708691207961
2024-11-09 05:22:51 - RMS value: 1.640550593550836
2024-11-09 05:22:51 - RMS value: 1.8746093343014165
2024-11-09 05:22:51 - RMS value: 0.5757976803965087
2024-11-09 05:22:52 - RMS value: 0.39466659188484654
2024-11-09 05:22:52 - RMS value: 5.576089439517626
2024-11-09 05:22:52 - RMS value: 6.85804016055243
2024-11-09 05:22:52 - RMS value: 15.123498763307055
2024-11-09 05:22:52 - RMS value: 35.03462991054351
2024-11-09 05:22:52 - RMS value: 40.64960793168859
2024-11-09 05:22:52 - RMS value: 89.34723672804604
2024-11-09 05:22:52 - RMS value: 77.5737394908467
2024-11-09 05:22:52 - RMS value: 32.359899349928455
2024-11-09 05:22:52 - RMS value: 5.907448621761343
2024-11-09 05:22:53 - RMS value: 1.78877249287046
2024-11-09 05:22:53 - RMS value: 1.4231621920919626
2024-11-09 05:22:53 - RMS value: 0.21986323874172325
2024-11-09 05:22:53 - RMS value: 0.10126157341262282
2024-11-09 05:22:53 - RMS value: 0.0
2024-11-09 05:22:53 - RMS value: 0.02209708691207961
2024-11-09 05:22:53 - RMS value: 0.03125
2024-11-09 05:22:53 - RMS value: 0.0625
2024-11-09 05:22:53 - RMS value: 0.05846339666834283
2024-11-09 05:22:54 - RMS value: 0.0
2024-11-09 05:22:54 - RMS value: 0.0
2024-11-09 05:22:54 - RMS value: 0.03125
2024-11-09 05:22:54 - RMS value: 0.19640320453088336
2024-11-09 05:22:54 - RMS value: 0.04419417382415922
2024-11-09 05:22:54 - RMS value: 3.8956105105618555
2024-11-09 05:22:54 - RMS value: 2.1724931674230876
2024-11-09 05:22:54 - RMS value: 12.827354194260016
2024-11-09 05:22:54 - RMS value: 9.158062960446385
2024-11-09 05:22:54 - RMS value: 4.384699070346789
2024-11-09 05:22:55 - RMS value: 4.973219295009018
2024-11-09 05:22:55 - RMS value: 5.436557030304198
2024-11-09 05:22:55 - RMS value: 4.588432296275058
2024-11-09 05:22:55 - RMS value: 3.3808542975481806
2024-11-09 05:22:55 - RMS value: 1.4662545289785127
2024-11-09 05:22:55 - RMS value: 0.04941058844013093
2024-11-09 05:22:55 - RMS value: 0.34161267357930386
2024-11-09 05:22:55 - RMS value: 0.0
2024-11-09 05:22:55 - RMS value: 0.0
2024-11-09 05:22:55 - RMS value: 0.02209708691207961
2024-11-09 05:22:56 - RMS value: 7.390046885422987
2024-11-09 05:22:56 - RMS value: 8.759286366836626
2024-11-09 05:22:56 - RMS value: 6.2767785701544385
2024-11-09 05:22:56 - RMS value: 4.264279778725828
2024-11-09 05:22:56 - RMS value: 14.808279989586907
2024-11-09 05:22:56 - RMS value: 7.371357681085622
2024-11-09 05:22:56 - RMS value: 6.055448540880353
2024-11-09 05:22:56 - RMS value: 1.2486320640004405
2024-11-09 05:22:56 - RMS value: 0.5559514648330374
2024-11-09 05:22:57 - RMS value: 18.364859553131627
2024-11-09 05:22:57 - RMS value: 30.082065488634587
2024-11-09 05:22:57 - RMS value: 18.198423480826573
2024-11-09 05:22:57 - RMS value: 8.838696656959668
2024-11-09 05:22:57 - RMS value: 10.03915673593903
2024-11-09 05:22:57 - RMS value: 7.226727194069249
2024-11-09 05:22:57 - RMS value: 6.809632424000579
2024-11-09 05:22:57 - RMS value: 3.7364991343836813
2024-11-09 05:22:57 - RMS value: 0.7914953213696212
2024-11-09 05:22:57 - RMS value: 0.14986973510352247
2024-11-09 05:22:58 - RMS value: 0.02209708691207961
2024-11-09 05:22:58 - RMS value: 0.02209708691207961
2024-11-09 05:22:58 - RMS value: 0.0
2024-11-09 05:22:58 - RMS value: 0.0
2024-11-09 05:22:58 - RMS value: 0.0
2024-11-09 05:22:58 - RMS value: 0.4805798906009281
2024-11-09 05:22:58 - RMS value: 1.072334996048343
2024-11-09 05:22:58 - RMS value: 0.30618621784789724
2024-11-09 05:22:58 - RMS value: 0.06629126073623882
2024-11-09 05:22:59 - RMS value: 0.42042575147105343
2024-11-09 05:22:59 - RMS value: 0.0
2024-11-09 05:22:59 - RMS value: 0.0
2024-11-09 05:22:59 - RMS value: 0.11048543456039805
2024-11-09 05:22:59 - RMS value: 0.5986638768958755
2024-11-09 05:22:59 - RMS value: 0.18355218944485516
2024-11-09 05:22:59 - RMS value: 0.4026280852101602
2024-11-09 05:22:59 - RMS value: 0.23799290955824715
2024-11-09 05:22:59 - RMS value: 0.8967715532676089
2024-11-09 05:22:59 - RMS value: 0.2153757617514097
2024-11-09 05:23:00 - RMS value: 1.3836729314581535
2024-11-09 05:23:00 - RMS value: 0.0
2024-11-09 05:23:00 - RMS value: 0.18355218944485516
2024-11-09 05:23:00 - RMS value: 11.034502884418945
2024-11-09 05:23:00 - RMS value: 15.961853329696712
2024-11-09 05:23:00 - RMS value: 4.14495646086904
2024-11-09 05:23:00 - RMS value: 2.2103715044082524
2024-11-09 05:23:00 - RMS value: 4.460000175168158
2024-11-09 05:23:00 - RMS value: 15.76255080285231
2024-11-09 05:23:01 - RMS value: 1.8212343427604258
2024-11-09 05:23:01 - RMS value: 1.324166896108644
2024-11-09 05:23:01 - RMS value: 7.005717531059899
2024-11-09 05:23:01 - RMS value: 2.200741174865868
2024-11-09 05:23:01 - RMS value: 1.6010860571811873
2024-11-09 05:23:01 - RMS value: 0.5681143425843076
2024-11-09 05:23:01 - RMS value: 0.02209708691207961
2024-11-09 05:23:01 - RMS value: 0.02209708691207961
2024-11-09 05:23:01 - RMS value: 0.16387638252658618
2024-11-09 05:23:01 - RMS value: 0.3603925810834624
