2024-10-24 13:26:38 - Sound activation script started
2024-10-24 13:26:38 - Received message from main: {'action': 'start', 'input': {}, 'sender': '/Users/killercookie/Jarvis/MAIN-communication/MAIN_COMMUNICATION.py', 'receiver': '/Users/killercookie/Jarvis/Protocols/Audio-protocols/sound_activation.py'}
2024-10-24 13:26:38 - Handling message from main: {'action': 'start', 'input': {}, 'sender': '/Users/killercookie/Jarvis/MAIN-communication/MAIN_COMMUNICATION.py', 'receiver': '/Users/killercookie/Jarvis/Protocols/Audio-protocols/sound_activation.py'}
2024-10-24 13:26:38 - Message for sound_activation main process start
2024-10-24 13:26:40 - Audio stream opened, starting to listen for sounds...
2024-10-24 13:26:40 - RMS value: 0.35561895864815757
2024-10-24 13:26:40 - RMS value: 0.4386146514880687
2024-10-24 13:26:40 - RMS value: 0.03125
2024-10-24 13:26:40 - RMS value: 0.03125
2024-10-24 13:26:40 - RMS value: 0.10825317547305482
2024-10-24 13:26:41 - RMS value: 0.3896863722918727
2024-10-24 13:26:41 - RMS value: 0.33438960248488586
2024-10-24 13:26:41 - RMS value: 0.08267972847076846
2024-10-24 13:26:41 - RMS value: 0.14149039278339715
2024-10-24 13:26:41 - RMS value: 0.07967217989988726
2024-10-24 13:26:41 - RMS value: 0.213096589015404
2024-10-24 13:26:41 - RMS value: 0.35147568372506227
2024-10-24 13:26:41 - RMS value: 0.350780380010057
2024-10-24 13:26:41 - RMS value: 0.9278145524564702
2024-10-24 13:26:41 - RMS value: 0.6924537439425106
2024-10-24 13:26:42 - RMS value: 0.6756796347012392
2024-10-24 13:26:42 - RMS value: 1.381200508163098
2024-10-24 13:26:42 - RMS value: 1.4532090029483027
2024-10-24 13:26:42 - RMS value: 0.5808634467325345
2024-10-24 13:26:42 - RMS value: 0.4435959239555747
2024-10-24 13:26:42 - RMS value: 0.11048543456039805
2024-10-24 13:26:42 - RMS value: 0.04941058844013093
2024-10-24 13:26:42 - RMS value: 0.11267347735824966
2024-10-24 13:26:42 - RMS value: 4.766675089226242
2024-10-24 13:26:43 - RMS value: 56.562875516709276
2024-10-24 13:26:43 - RMS value: 28.11170692800866
2024-10-24 13:26:43 - RMS value: 7.310997441782482
2024-10-24 13:26:43 - RMS value: 0.1795175827043134
2024-10-24 13:26:43 - RMS value: 0.04941058844013093
2024-10-24 13:26:43 - RMS value: 0.0625
2024-10-24 13:26:43 - RMS value: 0.05412658773652741
2024-10-24 13:26:43 - RMS value: 0.02209708691207961
2024-10-24 13:26:43 - RMS value: 0.04419417382415922
2024-10-24 13:26:43 - RMS value: 0.02209708691207961
2024-10-24 13:26:44 - RMS value: 0.0
2024-10-24 13:26:44 - RMS value: 0.0
2024-10-24 13:26:44 - RMS value: 0.0
2024-10-24 13:26:44 - RMS value: 0.0
2024-10-24 13:26:44 - RMS value: 0.0
2024-10-24 13:26:44 - RMS value: 0.0
2024-10-24 13:26:44 - RMS value: 0.0
2024-10-24 13:26:44 - RMS value: 0.0
2024-10-24 13:26:44 - RMS value: 0.258639771206982
2024-10-24 13:26:44 - RMS value: 0.2614562582918986
2024-10-24 13:26:45 - RMS value: 0.12103072956898178
2024-10-24 13:26:45 - RMS value: 0.24902152266420668
2024-10-24 13:26:45 - RMS value: 0.2509746625657658
2024-10-24 13:26:45 - RMS value: 0.275106513463422
2024-10-24 13:26:45 - RMS value: 0.3451675317871019
2024-10-24 13:26:45 - RMS value: 0.3921843874378479
2024-10-24 13:26:45 - RMS value: 0.46613855906800933
2024-10-24 13:26:45 - RMS value: 0.40625
2024-10-24 13:26:45 - RMS value: 0.22316963839196408
2024-10-24 13:26:46 - RMS value: 0.5004880430639677
2024-10-24 13:26:46 - RMS value: 0.4408354993645589
2024-10-24 13:26:46 - RMS value: 0.5581428468591172
2024-10-24 13:26:46 - RMS value: 0.08267972847076846
